<?xml version="1.0" encoding="UTF-8"?>
<testsuite name="Regression1"
           tests="6"
           failures="0"
           errors="0"
           skipped="0"
           time="0.004">
    <properties></properties>



            <testcase
                name="tc004"
                time="0.001"
                classname="test.SecondExampleTags">
            </testcase>
            <testcase
                name="tc003"
                time="0.001"
                classname="test.SecondExampleTags">
            </testcase>
            <testcase
                name="tc002"
                time="0.000"
                classname="test.SecondExampleTags">
            </testcase>
            <testcase
                name="tc001"
                time="0.001"
                classname="test.SecondExampleTags">
            </testcase>
            <testcase
                name="tc005"
                time="0.000"
                classname="test.SecondExampleTags">
            </testcase>
            <testcase
                name="tc006"
                time="0.001"
                classname="test.SecondExampleTags">
            </testcase>
</testsuite>
